2019-07-17 12:00:07 start to sync now
2019-07-17 12:00:08 will try to sync 2 files to server
2019-07-17 12:00:09: /Users/ltt/MarkEditor/configs update folder to server
2019-07-17 12:00:11: /Users/ltt/MarkEditor/configs/sorts.json uploaded to server done
2019-07-17 12:00:11 sync ended
2019-07-17 12:00:23 start sync from server
2019-07-17 12:00:25 will try to sync 113 files from server.
2019-07-17 12:00:29 got _data/visits/2018-03-16.csv from server
2019-07-17 12:00:30 got _data/visits/2018-03-18.csv from server
2019-07-17 12:00:32 got _data/visits/2018-03-20.csv from server
2019-07-17 12:00:34 got _data/visits/2018-03-21.csv from server
2019-07-17 12:00:35 got _data/visits/2018-03-22.csv from server
2019-07-17 12:00:38 got _data/visits/2018-03-24.csv from server
2019-07-17 12:00:39 got _data/visits/2018-03-30.csv from server
2019-07-17 12:00:41 got _data/visits/2018-04-09.csv from server
2019-07-17 12:00:43 got _data/visits/2018-05-07.csv from server
2019-07-17 12:00:44 got _data/visits/2018-10-24.csv from server
2019-07-17 12:00:46 got _data/visits/2018-10-26.csv from server
2019-07-17 12:00:48 got _data/visits/2018-11-09.csv from server
2019-07-17 12:00:50 got _data/visits/2019-01-02.csv from server
2019-07-17 12:00:52 got _data/visits/2019-03-19.csv from server
2019-07-17 12:00:54 got _data/visits/2019-03-20.csv from server
2019-07-17 12:00:56 got _data/visits/2019-03-27.csv from server
2019-07-17 12:00:59 got _data/visits/2019-04-01.csv from server
2019-07-17 12:01:03 got _data/visits/2019-05-09.csv from server
2019-07-17 12:01:05 got _data/visits/2019-05-13.csv from server
2019-07-17 12:01:08 got _data/visits/2019-05-22.csv from server
2019-07-17 12:01:11 got _data/visits/2019-05-23.csv from server
2019-07-17 12:01:14 got _data/visits/2019-06-13.csv from server
2019-07-17 12:01:18 got _data/visits/2019-06-19.csv from server
2019-07-17 12:01:20 got _data/visits/2019-06-20.csv from server
2019-07-17 12:01:23 got Clouds/Qiniu.md from server
2019-07-17 12:01:25 got configs/advanced.json from server
2019-07-17 12:01:26 got configs/render.json from server
2019-07-17 12:01:31 got configs/site.json from server
2019-07-17 12:01:35 got devTools/git.md from server
2019-07-17 12:01:46 got http/_image/2019-06-12/2019-06-12-17-39-27.png from server
2019-07-17 12:01:48 got http/https.html from server
2019-07-17 12:01:49 got http/tcp.md from server
2019-07-17 12:01:54 got I&O/_image/2019-06-13/2019-06-13-15-29-22.jpg from server
2019-07-17 12:01:58 got I&O/_image/2019-06-13/2019-06-13-15-30-07.jpg from server
2019-07-17 12:02:01 got I&O/_image/2019-06-13/2019-06-13-15-30-55.jpg from server
2019-07-17 12:02:04 got I&O/NIO demo.md from server
2019-07-17 12:02:06 got I&O/阻塞&同步相关.md from server
2019-07-17 12:02:08 got java/lock.md from server
2019-07-17 12:02:10 got java/synchronized和ReentrantLock.md from server
2019-07-17 12:02:13 got java/Thread对象做锁是不存在的.txt from server
2019-07-17 12:02:15 got java/volatile作用，指令重排相关.md from server
2019-07-17 12:02:19 got java/基本类型自动拆箱装箱.md from server
2019-07-17 12:02:22 got java/多线程.md from server
2019-07-17 12:02:23 got java/永久带方法区.md from server
2019-07-17 12:02:25 got java/缓存失效.md from server
2019-07-17 12:02:27 got JDK11/JDK11模块化导致lombok无效话.txt from server
2019-07-17 12:02:31 got JVM/_image/2019-04-01/2019-04-01-11-40-32.jpg from server
2019-07-17 12:02:33 got JVM/_image/2019-04-01/2019-04-01-11-45-11.jpg from server
2019-07-17 12:02:37 got JVM/_image/2019-04-01/2019-04-01-11-49-45.jpg from server
2019-07-17 12:02:40 got JVM/_image/2019-04-01/2019-04-01-12-04-41.jpg from server
2019-07-17 12:02:47 got JVM/_image/2019-04-01/2019-04-01-12-10-15.jpg from server
2019-07-17 12:02:51 got JVM/_image/2019-04-01/2019-04-01-15-35-27.png from server
2019-07-17 12:02:53 got JVM/gc算法.md from server
2019-07-17 12:02:54 got JVM/垃圾回收器.md from server
2019-07-17 12:02:56 got linux/统计单词出现次数.md from server
2019-07-17 12:02:58 got MySQL/EXPLAIN.md from server
2019-07-17 12:02:59 got MySQL/MySQL锁机制.md from server
2019-07-17 12:03:02 got MySQL/分布式ID策略(Twitter Snowflake).md from server
2019-07-17 12:03:04 got MySQL/基本数据类型.md from server
2019-07-17 12:03:06 got MySQL/数据库优化.md from server
2019-07-17 12:03:07 got MySQL/稀疏索引and密集索引.md from server
2019-07-17 12:03:09 got redis/redis基本操作.md from server
2019-07-17 12:03:11 got spring/spring事务传播级别.md from server
2019-07-17 12:03:12 got spring/spring循环依赖.md from server
2019-07-17 12:03:14 got template/archive.jade from server
2019-07-17 12:03:15 got template/base.jade from server
2019-07-17 12:03:16 got template/fonts.css from server
2019-07-17 12:03:18 got template/index+category+tag.jade from server
2019-07-17 12:03:20 got template/js/index.js from server
2019-07-17 12:03:23 got template/js/particles.js from server
2019-07-17 12:03:24 got template/post.jade from server
2019-07-17 12:03:26 got template/reset.scss from server
2019-07-17 12:03:28 got template/style.scss from server
2019-07-17 12:03:29 got 设计模式/单例模式.md from server
2019-07-17 12:03:31 got 设计模式/基本原则.md from server
2019-07-17 12:03:33 got 设计模式/抽象工厂模式和工厂方法模式.md from server
2019-07-17 12:03:34 got 设计模式/深度克隆.md from server
2019-07-17 12:03:37 got golang/selece.md from server
2019-07-17 12:03:39 got http/https.md from server
2019-07-17 12:03:42 got MySQL/索引.md from server
2019-07-17 12:03:43 got _data/visits.csv from server
2019-07-17 12:03:45 got _data/visits/2019-07-04.csv from server
2019-07-17 12:03:46 got MySQL/隔离级别.md from server
2019-07-17 12:03:48 got golang/golang.md from server
2019-07-17 12:03:51 got configs/sorts.json from server
2019-07-17 12:03:51 sync ended
